0 info it worked if it ends with ok
1 verbose cli [ '/usr/bin/nodejs',
1 verbose cli   '/usr/bin/npm',
1 verbose cli   'install',
1 verbose cli   '—save-dev',
1 verbose cli   'jade' ]
2 info using npm@1.3.10
3 info using node@v0.10.25
4 warn package.json uvpBuilderWeb@0.0.0 No description
5 warn package.json uvpBuilderWeb@0.0.0 No repository field.
6 warn package.json uvpBuilderWeb@0.0.0 No README data
7 verbose readDependencies using package.json deps
8 verbose cache add [ '—save-dev', null ]
9 verbose cache add name=undefined spec="—save-dev" args=["—save-dev",null]
10 verbose parsed url { protocol: null,
10 verbose parsed url   slashes: null,
10 verbose parsed url   auth: null,
10 verbose parsed url   host: null,
10 verbose parsed url   port: null,
10 verbose parsed url   hostname: null,
10 verbose parsed url   hash: null,
10 verbose parsed url   search: null,
10 verbose parsed url   query: null,
10 verbose parsed url   pathname: '—save-dev',
10 verbose parsed url   path: '—save-dev',
10 verbose parsed url   href: '—save-dev' }
11 verbose cache add [ 'jade', null ]
12 verbose cache add name=undefined spec="jade" args=["jade",null]
13 verbose parsed url { protocol: null,
13 verbose parsed url   slashes: null,
13 verbose parsed url   auth: null,
13 verbose parsed url   host: null,
13 verbose parsed url   port: null,
13 verbose parsed url   hostname: null,
13 verbose parsed url   hash: null,
13 verbose parsed url   search: null,
13 verbose parsed url   query: null,
13 verbose parsed url   pathname: 'jade',
13 verbose parsed url   path: 'jade',
13 verbose parsed url   href: 'jade' }
14 silly lockFile aef4ff72-save-dev —save-dev
15 verbose lock —save-dev /home/gloriana/.npm/aef4ff72-save-dev.lock
16 silly lockFile 5bd60fae-jade jade
17 verbose lock jade /home/gloriana/.npm/5bd60fae-jade.lock
18 silly lockFile aef4ff72-save-dev —save-dev
19 silly lockFile aef4ff72-save-dev —save-dev
20 silly lockFile 5bd60fae-jade jade
21 silly lockFile 5bd60fae-jade jade
22 verbose addNamed [ '—save-dev', '' ]
23 verbose addNamed [ null, '*' ]
24 silly lockFile 3c95c2cd-save-dev —save-dev@
25 verbose lock —save-dev@ /home/gloriana/.npm/3c95c2cd-save-dev.lock
26 verbose addNamed [ 'jade', '' ]
27 verbose addNamed [ null, '*' ]
28 silly lockFile 51d481b2-jade jade@
29 verbose lock jade@ /home/gloriana/.npm/51d481b2-jade.lock
30 silly addNameRange { name: 'jade', range: '*', hasData: false }
31 verbose url raw jade
32 verbose url resolving [ 'https://registry.npmjs.org/', './jade' ]
33 verbose url resolved https://registry.npmjs.org/jade
34 info trying registry request attempt 1 at 10:42:21
35 verbose etag "BRYY6EU18THYAPN62A3U5BGL9"
36 http GET https://registry.npmjs.org/jade
37 http 304 https://registry.npmjs.org/jade
38 silly registry.get cb [ 304,
38 silly registry.get   { date: 'Tue, 28 Apr 2015 16:42:22 GMT',
38 silly registry.get     via: '1.1 varnish',
38 silly registry.get     'last-modified': 'Tue, 28 Apr 2015 16:42:12 GMT',
38 silly registry.get     'cache-control': 'max-age=60',
38 silly registry.get     etag: '"BRYY6EU18THYAPN62A3U5BGL9"',
38 silly registry.get     age: '41',
38 silly registry.get     connection: 'keep-alive',
38 silly registry.get     'x-served-by': 'cache-atl6226-ATL',
38 silly registry.get     'x-cache': 'HIT',
38 silly registry.get     'x-cache-hits': '2',
38 silly registry.get     'x-timer': 'S1430239342.642748,VS0,VE0',
38 silly registry.get     vary: 'Accept' } ]
39 verbose etag jade from cache
40 silly addNameRange number 2 { name: 'jade', range: '*', hasData: true }
41 silly addNameRange versions [ 'jade',
41 silly addNameRange   [ '0.0.1',
41 silly addNameRange     '0.0.2',
41 silly addNameRange     '0.1.0',
41 silly addNameRange     '0.2.0',
41 silly addNameRange     '0.2.1',
41 silly addNameRange     '0.2.2',
41 silly addNameRange     '0.2.3',
41 silly addNameRange     '0.2.4',
41 silly addNameRange     '0.3.0',
41 silly addNameRange     '0.4.0',
41 silly addNameRange     '0.4.1',
41 silly addNameRange     '0.5.0',
41 silly addNameRange     '0.5.1',
41 silly addNameRange     '0.5.2',
41 silly addNameRange     '0.5.3',
41 silly addNameRange     '0.5.4',
41 silly addNameRange     '0.5.5',
41 silly addNameRange     '0.5.6',
41 silly addNameRange     '0.5.7',
41 silly addNameRange     '0.6.0',
41 silly addNameRange     '0.6.1',
41 silly addNameRange     '0.6.3',
41 silly addNameRange     '0.7.0',
41 silly addNameRange     '0.7.1',
41 silly addNameRange     '0.8.0',
41 silly addNameRange     '0.8.1',
41 silly addNameRange     '0.8.2',
41 silly addNameRange     '0.8.3',
41 silly addNameRange     '0.8.4',
41 silly addNameRange     '0.8.5',
41 silly addNameRange     '0.8.6',
41 silly addNameRange     '0.8.7',
41 silly addNameRange     '0.8.8',
41 silly addNameRange     '0.8.9',
41 silly addNameRange     '0.9.0',
41 silly addNameRange     '0.9.1',
41 silly addNameRange     '0.9.2',
41 silly addNameRange     '0.9.3',
41 silly addNameRange     '0.10.0',
41 silly addNameRange     '0.10.1',
41 silly addNameRange     '0.10.2',
41 silly addNameRange     '0.10.3',
41 silly addNameRange     '0.10.4',
41 silly addNameRange     '0.10.5',
41 silly addNameRange     '0.10.6',
41 silly addNameRange     '0.10.7',
41 silly addNameRange     '0.11.0',
41 silly addNameRange     '0.11.1',
41 silly addNameRange     '0.12.0',
41 silly addNameRange     '0.12.1',
41 silly addNameRange     '0.12.2',
41 silly addNameRange     '0.12.3',
41 silly addNameRange     '0.12.4',
41 silly addNameRange     '0.13.0',
41 silly addNameRange     '0.14.0',
41 silly addNameRange     '0.14.1',
41 silly addNameRange     '0.14.2',
41 silly addNameRange     '0.15.0',
41 silly addNameRange     '0.15.1',
41 silly addNameRange     '0.15.2',
41 silly addNameRange     '0.15.3',
41 silly addNameRange     '0.15.4',
41 silly addNameRange     '0.16.0',
41 silly addNameRange     '0.16.1',
41 silly addNameRange     '0.16.2',
41 silly addNameRange     '0.16.3',
41 silly addNameRange     '0.16.4',
41 silly addNameRange     '0.17.0',
41 silly addNameRange     '0.18.0',
41 silly addNameRange     '0.19.0',
41 silly addNameRange     '0.20.0',
41 silly addNameRange     '0.20.1',
41 silly addNameRange     '0.20.2',
41 silly addNameRange     '0.20.3',
41 silly addNameRange     '0.21.0',
41 silly addNameRange     '0.22.0',
41 silly addNameRange     '0.22.1',
41 silly addNameRange     '0.23.0',
41 silly addNameRange     '0.24.0',
41 silly addNameRange     '0.25.0',
41 silly addNameRange     '0.26.0',
41 silly addNameRange     '0.26.1',
41 silly addNameRange     '0.26.2',
41 silly addNameRange     '0.26.3',
41 silly addNameRange     '0.27.0',
41 silly addNameRange     '0.27.1',
41 silly addNameRange     '0.27.2',
41 silly addNameRange     '0.27.3',
41 silly addNameRange     '0.27.4',
41 silly addNameRange     '0.27.5',
41 silly addNameRange     '0.27.6',
41 silly addNameRange     '0.27.7',
41 silly addNameRange     '0.28.0',
41 silly addNameRange     '0.28.1',
41 silly addNameRange     '0.28.2',
41 silly addNameRange     '0.29.0',
41 silly addNameRange     '0.30.0',
41 silly addNameRange     '0.31.0',
41 silly addNameRange     '0.31.1',
41 silly addNameRange     '0.31.2',
41 silly addNameRange     '0.32.0',
41 silly addNameRange     '0.33.0',
41 silly addNameRange     '0.34.0',
41 silly addNameRange     '0.34.1',
41 silly addNameRange     '0.35.0',
41 silly addNameRange     '1.0.0',
41 silly addNameRange     '1.0.1',
41 silly addNameRange     '1.0.2',
41 silly addNameRange     '1.1.0',
41 silly addNameRange     '1.1.1',
41 silly addNameRange     '1.1.2',
41 silly addNameRange     '1.1.3',
41 silly addNameRange     '1.1.4',
41 silly addNameRange     '1.1.5',
41 silly addNameRange     '1.2.0',
41 silly addNameRange     '1.3.0',
41 silly addNameRange     '1.3.1',
41 silly addNameRange     '1.4.0',
41 silly addNameRange     '1.4.1',
41 silly addNameRange     '1.4.2',
41 silly addNameRange     '1.5.0',
41 silly addNameRange     '1.6.0',
41 silly addNameRange     '1.7.0',
41 silly addNameRange     '1.8.0',
41 silly addNameRange     '1.8.1',
41 silly addNameRange     '1.8.2',
41 silly addNameRange     '1.9.0',
41 silly addNameRange     '1.9.1',
41 silly addNameRange     '1.9.2' ] ]
42 verbose addNamed [ 'jade', '1.9.2' ]
43 verbose addNamed [ '1.9.2', '1.9.2' ]
44 silly lockFile 20e0e06b-jade-1-9-2 jade@1.9.2
45 verbose lock jade@1.9.2 /home/gloriana/.npm/20e0e06b-jade-1-9-2.lock
46 silly lockFile 20e0e06b-jade-1-9-2 jade@1.9.2
47 silly lockFile 20e0e06b-jade-1-9-2 jade@1.9.2
48 silly lockFile 51d481b2-jade jade@
49 silly lockFile 51d481b2-jade jade@
50 silly addNameRange { name: '—save-dev', range: '*', hasData: false }
51 verbose url raw —save-dev
52 verbose url resolving [ 'https://registry.npmjs.org/', './%E2%80%94save-dev' ]
53 verbose url resolved https://registry.npmjs.org/%E2%80%94save-dev
54 info trying registry request attempt 1 at 10:43:01
55 http GET https://registry.npmjs.org/%E2%80%94save-dev
56 http 404 https://registry.npmjs.org/%E2%80%94save-dev
57 silly registry.get cb [ 404,
57 silly registry.get   { date: 'Tue, 28 Apr 2015 16:43:01 GMT',
57 silly registry.get     server: 'Apache',
57 silly registry.get     'content-type': 'application/json',
57 silly registry.get     'cache-control': 'max-age=0',
57 silly registry.get     'content-length': '73',
57 silly registry.get     'accept-ranges': 'bytes',
57 silly registry.get     via: '1.1 varnish',
57 silly registry.get     age: '0',
57 silly registry.get     'x-served-by': 'cache-dfw1833-DFW',
57 silly registry.get     'x-cache': 'MISS',
57 silly registry.get     'x-cache-hits': '0',
57 silly registry.get     'x-timer': 'S1430239381.695963,VS0,VE35',
57 silly registry.get     'keep-alive': 'timeout=10, max=50',
57 silly registry.get     connection: 'Keep-Alive' } ]
58 silly addNameRange number 2 { name: '—save-dev', range: '*', hasData: true }
59 silly addNameRange versions [ undefined, [] ]
60 error TypeError: Cannot read property 'latest' of undefined
60 error     at next (/usr/share/npm/lib/cache.js:687:35)
60 error     at /usr/share/npm/lib/cache.js:675:5
60 error     at saved (/usr/share/npm/node_modules/npm-registry-client/lib/get.js:142:7)
60 error     at /usr/lib/nodejs/graceful-fs/polyfills.js:133:7
60 error     at Object.oncomplete (fs.js:107:15)
61 error If you need help, you may report this log at:
61 error     <http://github.com/isaacs/npm/issues>
61 error or email it to:
61 error     <npm-@googlegroups.com>
62 error System Linux 3.16.0-30-generic
63 error command "/usr/bin/nodejs" "/usr/bin/npm" "install" "—save-dev" "jade"
64 error cwd /home/gloriana/uvp-builder-web
65 error node -v v0.10.25
66 error npm -v 1.3.10
67 error type non_object_property_load
68 verbose exit [ 1, true ]
